{"level":"error","message":"error"}
{"level":"error","message":"error"}
{"level":"error","message":"error"}
{"level":"error","message":"error"}
{"level":"error","message":"error"}
{"_message":"User validation failed","errors":{"age":{"kind":"Number","message":"Cast to Number failed for value \"April\" (type string) at path \"age\"","name":"CastError","path":"age","reason":{"actual":false,"code":"ERR_ASSERTION","expected":true,"generatedMessage":true,"operator":"=="},"stringValue":"\"April\"","value":"April","valueType":"string"}},"level":"error","message":"error al crear usuario:  User validation failed: age: Cast to Number failed for value \"April\" (type string) at path \"age\"","stack":"ValidationError: User validation failed: age: Cast to Number failed for value \"April\" (type string) at path \"age\"\n    at model.Document.invalidate (C:\\Users\\Mariano\\Documents\\Mis cosas\\Curso Coder\\Backend\\ecommerce\\node_modules\\mongoose\\lib\\document.js:3055:32)\n    at model.$set (C:\\Users\\Mariano\\Documents\\Mis cosas\\Curso Coder\\Backend\\ecommerce\\node_modules\\mongoose\\lib\\document.js:1410:12)\n    at model.$set (C:\\Users\\Mariano\\Documents\\Mis cosas\\Curso Coder\\Backend\\ecommerce\\node_modules\\mongoose\\lib\\document.js:1093:16)\n    at model.Document (C:\\Users\\Mariano\\Documents\\Mis cosas\\Curso Coder\\Backend\\ecommerce\\node_modules\\mongoose\\lib\\document.js:166:12)\n    at model.Model (C:\\Users\\Mariano\\Documents\\Mis cosas\\Curso Coder\\Backend\\ecommerce\\node_modules\\mongoose\\lib\\model.js:121:12)\n    at new model (C:\\Users\\Mariano\\Documents\\Mis cosas\\Curso Coder\\Backend\\ecommerce\\node_modules\\mongoose\\lib\\model.js:5020:15)\n    at C:\\Users\\Mariano\\Documents\\Mis cosas\\Curso Coder\\Backend\\ecommerce\\node_modules\\mongoose\\lib\\model.js:3181:22\n    at C:\\Users\\Mariano\\Documents\\Mis cosas\\Curso Coder\\Backend\\ecommerce\\node_modules\\mongoose\\lib\\model.js:3216:7\n    at Array.forEach (<anonymous>)\n    at C:\\Users\\Mariano\\Documents\\Mis cosas\\Curso Coder\\Backend\\ecommerce\\node_modules\\mongoose\\lib\\model.js:3215:15"}
{"_message":"User validation failed","errors":{"age":{"kind":"Number","message":"Cast to Number failed for value \"December\" (type string) at path \"age\"","name":"CastError","path":"age","reason":{"actual":false,"code":"ERR_ASSERTION","expected":true,"generatedMessage":true,"operator":"=="},"stringValue":"\"December\"","value":"December","valueType":"string"}},"level":"error","message":"error al crear usuario:  User validation failed: age: Cast to Number failed for value \"December\" (type string) at path \"age\"","stack":"ValidationError: User validation failed: age: Cast to Number failed for value \"December\" (type string) at path \"age\"\n    at model.Document.invalidate (C:\\Users\\Mariano\\Documents\\Mis cosas\\Curso Coder\\Backend\\ecommerce\\node_modules\\mongoose\\lib\\document.js:3055:32)\n    at model.$set (C:\\Users\\Mariano\\Documents\\Mis cosas\\Curso Coder\\Backend\\ecommerce\\node_modules\\mongoose\\lib\\document.js:1410:12)\n    at model.$set (C:\\Users\\Mariano\\Documents\\Mis cosas\\Curso Coder\\Backend\\ecommerce\\node_modules\\mongoose\\lib\\document.js:1093:16)\n    at model.Document (C:\\Users\\Mariano\\Documents\\Mis cosas\\Curso Coder\\Backend\\ecommerce\\node_modules\\mongoose\\lib\\document.js:166:12)\n    at model.Model (C:\\Users\\Mariano\\Documents\\Mis cosas\\Curso Coder\\Backend\\ecommerce\\node_modules\\mongoose\\lib\\model.js:121:12)\n    at new model (C:\\Users\\Mariano\\Documents\\Mis cosas\\Curso Coder\\Backend\\ecommerce\\node_modules\\mongoose\\lib\\model.js:5020:15)\n    at C:\\Users\\Mariano\\Documents\\Mis cosas\\Curso Coder\\Backend\\ecommerce\\node_modules\\mongoose\\lib\\model.js:3181:22\n    at C:\\Users\\Mariano\\Documents\\Mis cosas\\Curso Coder\\Backend\\ecommerce\\node_modules\\mongoose\\lib\\model.js:3216:7\n    at Array.forEach (<anonymous>)\n    at C:\\Users\\Mariano\\Documents\\Mis cosas\\Curso Coder\\Backend\\ecommerce\\node_modules\\mongoose\\lib\\model.js:3215:15"}
{"code":"EAUTH","command":"AUTH PLAIN","level":"error","response":"421 Timeout - closing connection","responseCode":421}
{"code":"EAUTH","command":"AUTH PLAIN","level":"error","response":"421 Timeout - closing connection","responseCode":421}
{"code":"ETIMEDOUT","command":"CONN","level":"error"}
{"code":"ETIMEDOUT","command":"CONN","level":"error"}
{"code":"ETIMEDOUT","command":"CONN","level":"error"}
{"code":"ETIMEDOUT","command":"CONN","level":"error"}
{"code":"ETIMEDOUT","command":"CONN","level":"error"}
{"code":"ETIMEDOUT","command":"CONN","level":"error"}
{"code":"ETIMEDOUT","command":"CONN","level":"error"}
{"code":"ETIMEDOUT","command":"CONN","level":"error"}
{"code":"ETIMEDOUT","command":"CONN","level":"error"}
{"code":"ETIMEDOUT","command":"CONN","level":"error"}
{"code":"ETIMEDOUT","command":"CONN","level":"error"}
{"code":"ETIMEDOUT","command":"CONN","level":"error"}
